klawiatura_BT_do_obierania/app/build/intermediates/manifest_merge_blame_file/debug/manifest-merger-blame-debug-report.txt
1<?xml version="1.0" encoding="utf-8"?>
2<manifest xmlns:android="http://schemas.android.com/apk/res/android"
3    package="com.example.customkeyboard"
4    android:versionCode="1"
5    android:versionName="1.0" >
6
7    <uses-sdk
8        android:minSdkVersion="19"
8-->src\main\AndroidManifest.xml
9        android:targetSdkVersion="29" />
9-->src\main\AndroidManifest.xml
10
11    <uses-permission android:name="android.permission.CAMERA" >
11-->src\main\AndroidManifest.xml:4:5-5:65
11-->src\main\AndroidManifest.xml:5:5-45
12    </uses-permission>
13    <uses-permission android:name="android.permission.WRITE_EXTERNAL_STORAGE" >
13-->src\main\AndroidManifest.xml:6:5-7:85
13-->src\main\AndroidManifest.xml:7:9-65
14    </uses-permission>
15
16    <uses-feature
16-->src\main\AndroidManifest.xml:8:5-9:35
17        android:name="android.hardware.camera"
17-->src\main\AndroidManifest.xml:8:19-57
18        android:required="true" />
18-->src\main\AndroidManifest.xml:9:9-32
19
20    <uses-permission android:name="android.permission.BLUETOOTH" />
20-->src\main\AndroidManifest.xml:10:5-68
20-->src\main\AndroidManifest.xml:10:22-65
21    <uses-permission android:name="android.permission.VIBRATE" />
21-->src\main\AndroidManifest.xml:11:5-65
21-->src\main\AndroidManifest.xml:11:22-63
22    <uses-permission android:name="android.permission.ACCESS_NOTIFICATION_POLICY" />
22-->src\main\AndroidManifest.xml:12:5-85
22-->src\main\AndroidManifest.xml:12:22-82
23    <uses-permission android:name="android.permission.NFC" />
23-->src\main\AndroidManifest.xml:13:5-62
23-->src\main\AndroidManifest.xml:13:22-59
24
25    <uses-feature
25-->src\main\AndroidManifest.xml:14:5-82
26        android:name="android.hardware.nfc"
26-->src\main\AndroidManifest.xml:14:19-54
27        android:required="false" />
27-->src\main\AndroidManifest.xml:14:55-79
28
29    <application
29-->src\main\AndroidManifest.xml:15:5-23:15
30        android:allowBackup="true"
30-->src\main\AndroidManifest.xml:15:145-171
31        android:appComponentFactory="androidx.core.app.CoreComponentFactory"
31-->[androidx.core:core:1.0.1] AndroidManifest.xml:22:18-86
32        android:debuggable="true"
33        android:icon="@mipmap/ic_launcher"
33-->src\main\AndroidManifest.xml:15:77-111
34        android:label="@string/app_name"
34-->src\main\AndroidManifest.xml:15:112-144
35        android:supportsRtl="true"
35-->src\main\AndroidManifest.xml:15:50-76
36        android:testOnly="true"
37        android:theme="@style/AppTheme" >
37-->src\main\AndroidManifest.xml:15:18-49
38        <service
38-->src\main\AndroidManifest.xml:16:5-22:15
39            android:name="com.example.customkeyboard.KeyboardServiceIME"
39-->src\main\AndroidManifest.xml:16:14-48
40            android:label="@string/ime"
40-->src\main\AndroidManifest.xml:16:49-76
41            android:permission="android.permission.BIND_INPUT_METHOD" >
41-->src\main\AndroidManifest.xml:16:77-134
42            <meta-data
42-->src\main\AndroidManifest.xml:17:5-79
43                android:name="android.view.im"
43-->src\main\AndroidManifest.xml:17:16-46
44                android:resource="@xml/method" />
44-->src\main\AndroidManifest.xml:17:47-77
45
46            <intent-filter>
46-->src\main\AndroidManifest.xml:18:5-21:21
47                <action android:name="android.view.InputMethod" />
47-->src\main\AndroidManifest.xml:20:5-54
47-->src\main\AndroidManifest.xml:20:13-52
48            </intent-filter>
49        </service>
50    </application>
51
52</manifest>